{"name": "test_scrnsht", "status": "broken", "statusDetails": {"message": "selenium.common.exceptions.NoSuchElementException: Message: no such element: Unable to locate element: {\"method\":\"xpath\",\"selector\":\"//input[@type='Submit' and @value='Login']\"}\n  (Session info: chrome=105.0.5195.102)\nStacktrace:\nBacktrace:\n\tOrdinal0 [0x011ADF13+2219795]\n\tOrdinal0 [0x01142841+1779777]\n\tOrdinal0 [0x0105423D+803389]\n\tOrdinal0 [0x01083025+995365]\n\tOrdinal0 [0x010831EB+995819]\n\tOrdinal0 [0x010B0F52+1183570]\n\tOrdinal0 [0x0109E844+1108036]\n\tOrdinal0 [0x010AF192+1175954]\n\tOrdinal0 [0x0109E616+1107478]\n\tOrdinal0 [0x01077F89+950153]\n\tOrdinal0 [0x01078F56+954198]\n\tGetHandleVerifier [0x014A2CB2+3040210]\n\tGetHandleVerifier [0x01492BB4+2974420]\n\tGetHandleVerifier [0x01246A0A+565546]\n\tGetHandleVerifier [0x01245680+560544]\n\tOrdinal0 [0x01149A5C+1808988]\n\tOrdinal0 [0x0114E3A8+1827752]\n\tOrdinal0 [0x0114E495+1827989]\n\tOrdinal0 [0x011580A4+1867940]\n\tBaseThreadInitThunk [0x76E0FA29+25]\n\tRtlGetAppContainerNamedObjectPath [0x77D77A9E+286]\n\tRtlGetAppContainerNamedObjectPath [0x77D77A6E+238]", "trace": "def test_scrnsht():\n        path=\"C:\\\\MyFramework\\\\Drivers\\\\ChromeDriver5\\\\chromedriver.exe\"\n        driver = Chrome(executable_path=path)\n    \n        driver.get(\"http://theTestingworld.com/testings\")\n        driver.maximize_window()\n        #go to Login bar\n        driver.find_element(\"xpath\",\"//label[text()='Login']\").click()\n        driver.find_element(\"name\",\"_txtUserName\").send_keys(\"test\")\n        driver.find_element(\"name\",\"_txtPassword\").send_keys(\"test\")\n>       driver.find_element(\"xpath\",\"//input[@type='Submit' and @value='Login']\").click()\n\ntest_scrnsht.py:13: \n_ _ _ _ _ _ _ _ _ _ _ _ _ _ _ _ _ _ _ _ _ _ _ _ _ _ _ _ _ _ _ _ _ _ _ _ _ _ _ _ _ _ _ _ _ _ _ _ _ _ _ _ _ _ _ _ _ _ _ _ _ _ _ _ _ _ _ _ _ _ _ _ _ _ _ _ _ _ _ _ _ \nC:\\python\\lib\\site-packages\\selenium\\webdriver\\remote\\webdriver.py:855: in find_element\n    return self.execute(Command.FIND_ELEMENT, {\nC:\\python\\lib\\site-packages\\selenium\\webdriver\\remote\\webdriver.py:428: in execute\n    self.error_handler.check_response(response)\n_ _ _ _ _ _ _ _ _ _ _ _ _ _ _ _ _ _ _ _ _ _ _ _ _ _ _ _ _ _ _ _ _ _ _ _ _ _ _ _ _ _ _ _ _ _ _ _ _ _ _ _ _ _ _ _ _ _ _ _ _ _ _ _ _ _ _ _ _ _ _ _ _ _ _ _ _ _ _ _ _ \n\nself = <selenium.webdriver.remote.errorhandler.ErrorHandler object at 0x000002494D403730>\nresponse = {'status': 404, 'value': '{\"value\":{\"error\":\"no such element\",\"message\":\"no such element: Unable to locate element: {\\...\\n\\\\tRtlGetAppContainerNamedObjectPath [0x77D77A9E+286]\\\\n\\\\tRtlGetAppContainerNamedObjectPath [0x77D77A6E+238]\\\\n\"}}'}\n\n    def check_response(self, response: Dict[str, Any]) -> None:\n        \"\"\"\n        Checks that a JSON response from the WebDriver does not have an error.\n    \n        :Args:\n         - response - The JSON response from the WebDriver server as a dictionary\n           object.\n    \n        :Raises: If the response contains an error message.\n        \"\"\"\n        status = response.get('status', None)\n        if not status or status == ErrorCode.SUCCESS:\n            return\n        value = None\n        message = response.get(\"message\", \"\")\n        screen: str = response.get(\"screen\", \"\")\n        stacktrace = None\n        if isinstance(status, int):\n            value_json = response.get('value', None)\n            if value_json and isinstance(value_json, str):\n                import json\n                try:\n                    value = json.loads(value_json)\n                    if len(value.keys()) == 1:\n                        value = value['value']\n                    status = value.get('error', None)\n                    if not status:\n                        status = value.get(\"status\", ErrorCode.UNKNOWN_ERROR)\n                        message = value.get(\"value\") or value.get(\"message\")\n                        if not isinstance(message, str):\n                            value = message\n                            message = message.get('message')\n                    else:\n                        message = value.get('message', None)\n                except ValueError:\n                    pass\n    \n        exception_class: Type[WebDriverException]\n        if status in ErrorCode.NO_SUCH_ELEMENT:\n            exception_class = NoSuchElementException\n        elif status in ErrorCode.NO_SUCH_FRAME:\n            exception_class = NoSuchFrameException\n        elif status in ErrorCode.NO_SUCH_SHADOW_ROOT:\n            exception_class = NoSuchShadowRootException\n        elif status in ErrorCode.NO_SUCH_WINDOW:\n            exception_class = NoSuchWindowException\n        elif status in ErrorCode.STALE_ELEMENT_REFERENCE:\n            exception_class = StaleElementReferenceException\n        elif status in ErrorCode.ELEMENT_NOT_VISIBLE:\n            exception_class = ElementNotVisibleException\n        elif status in ErrorCode.INVALID_ELEMENT_STATE:\n            exception_class = InvalidElementStateException\n        elif status in ErrorCode.INVALID_SELECTOR \\\n                or status in ErrorCode.INVALID_XPATH_SELECTOR \\\n                or status in ErrorCode.INVALID_XPATH_SELECTOR_RETURN_TYPER:\n            exception_class = InvalidSelectorException\n        elif status in ErrorCode.ELEMENT_IS_NOT_SELECTABLE:\n            exception_class = ElementNotSelectableException\n        elif status in ErrorCode.ELEMENT_NOT_INTERACTABLE:\n            exception_class = ElementNotInteractableException\n        elif status in ErrorCode.INVALID_COOKIE_DOMAIN:\n            exception_class = InvalidCookieDomainException\n        elif status in ErrorCode.UNABLE_TO_SET_COOKIE:\n            exception_class = UnableToSetCookieException\n        elif status in ErrorCode.TIMEOUT:\n            exception_class = TimeoutException\n        elif status in ErrorCode.SCRIPT_TIMEOUT:\n            exception_class = TimeoutException\n        elif status in ErrorCode.UNKNOWN_ERROR:\n            exception_class = WebDriverException\n        elif status in ErrorCode.UNEXPECTED_ALERT_OPEN:\n            exception_class = UnexpectedAlertPresentException\n        elif status in ErrorCode.NO_ALERT_OPEN:\n            exception_class = NoAlertPresentException\n        elif status in ErrorCode.IME_NOT_AVAILABLE:\n            exception_class = ImeNotAvailableException\n        elif status in ErrorCode.IME_ENGINE_ACTIVATION_FAILED:\n            exception_class = ImeActivationFailedException\n        elif status in ErrorCode.MOVE_TARGET_OUT_OF_BOUNDS:\n            exception_class = MoveTargetOutOfBoundsException\n        elif status in ErrorCode.JAVASCRIPT_ERROR:\n            exception_class = JavascriptException\n        elif status in ErrorCode.SESSION_NOT_CREATED:\n            exception_class = SessionNotCreatedException\n        elif status in ErrorCode.INVALID_ARGUMENT:\n            exception_class = InvalidArgumentException\n        elif status in ErrorCode.NO_SUCH_COOKIE:\n            exception_class = NoSuchCookieException\n        elif status in ErrorCode.UNABLE_TO_CAPTURE_SCREEN:\n            exception_class = ScreenshotException\n        elif status in ErrorCode.ELEMENT_CLICK_INTERCEPTED:\n            exception_class = ElementClickInterceptedException\n        elif status in ErrorCode.INSECURE_CERTIFICATE:\n            exception_class = InsecureCertificateException\n        elif status in ErrorCode.INVALID_COORDINATES:\n            exception_class = InvalidCoordinatesException\n        elif status in ErrorCode.INVALID_SESSION_ID:\n            exception_class = InvalidSessionIdException\n        elif status in ErrorCode.UNKNOWN_METHOD:\n            exception_class = UnknownMethodException\n        else:\n            exception_class = WebDriverException\n        if not value:\n            value = response['value']\n        if isinstance(value, str):\n            raise exception_class(value)\n        if message == \"\" and 'message' in value:\n            message = value['message']\n    \n        screen = None  # type: ignore[assignment]\n        if 'screen' in value:\n            screen = value['screen']\n    \n        stacktrace = None\n        st_value = value.get('stackTrace') or value.get('stacktrace')\n        if st_value:\n            if isinstance(st_value, str):\n                stacktrace = st_value.split('\\n')\n            else:\n                stacktrace = []\n                try:\n                    for frame in st_value:\n                        line = frame.get(\"lineNumber\", \"\")\n                        file = frame.get(\"fileName\", \"<anonymous>\")\n                        if line:\n                            file = f\"{file}:{line}\"\n                        meth = frame.get('methodName', '<anonymous>')\n                        if 'className' in frame:\n                            meth = \"{}.{}\".format(frame['className'], meth)\n                        msg = \"    at %s (%s)\"\n                        msg = msg % (meth, file)\n                        stacktrace.append(msg)\n                except TypeError:\n                    pass\n        if exception_class == UnexpectedAlertPresentException:\n            alert_text = None\n            if 'data' in value:\n                alert_text = value['data'].get('text')\n            elif 'alert' in value:\n                alert_text = value['alert'].get('text')\n            raise exception_class(message, screen, stacktrace, alert_text)  # type: ignore[call-arg]  # mypy is not smart enough here\n>       raise exception_class(message, screen, stacktrace)\nE       selenium.common.exceptions.NoSuchElementException: Message: no such element: Unable to locate element: {\"method\":\"xpath\",\"selector\":\"//input[@type='Submit' and @value='Login']\"}\nE         (Session info: chrome=105.0.5195.102)\nE       Stacktrace:\nE       Backtrace:\nE       \tOrdinal0 [0x011ADF13+2219795]\nE       \tOrdinal0 [0x01142841+1779777]\nE       \tOrdinal0 [0x0105423D+803389]\nE       \tOrdinal0 [0x01083025+995365]\nE       \tOrdinal0 [0x010831EB+995819]\nE       \tOrdinal0 [0x010B0F52+1183570]\nE       \tOrdinal0 [0x0109E844+1108036]\nE       \tOrdinal0 [0x010AF192+1175954]\nE       \tOrdinal0 [0x0109E616+1107478]\nE       \tOrdinal0 [0x01077F89+950153]\nE       \tOrdinal0 [0x01078F56+954198]\nE       \tGetHandleVerifier [0x014A2CB2+3040210]\nE       \tGetHandleVerifier [0x01492BB4+2974420]\nE       \tGetHandleVerifier [0x01246A0A+565546]\nE       \tGetHandleVerifier [0x01245680+560544]\nE       \tOrdinal0 [0x01149A5C+1808988]\nE       \tOrdinal0 [0x0114E3A8+1827752]\nE       \tOrdinal0 [0x0114E495+1827989]\nE       \tOrdinal0 [0x011580A4+1867940]\nE       \tBaseThreadInitThunk [0x76E0FA29+25]\nE       \tRtlGetAppContainerNamedObjectPath [0x77D77A9E+286]\nE       \tRtlGetAppContainerNamedObjectPath [0x77D77A6E+238]\n\nC:\\python\\lib\\site-packages\\selenium\\webdriver\\remote\\errorhandler.py:243: NoSuchElementException"}, "start": 1663669884097, "stop": 1663669892193, "uuid": "65a4ed4c-215d-4ca9-8b1e-22d1d773f9f6", "historyId": "23d0702e1d40a5383e8e9eab415b81be", "testCaseId": "1bd3365c6601e47f113cc1d61a5a68ce", "fullName": "test_scrnsht#test_scrnsht", "labels": [{"name": "suite", "value": "test_scrnsht"}, {"name": "host", "value": "Laptop-Namrata"}, {"name": "thread", "value": "1724-MainThread"}, {"name": "framework", "value": "pytest"}, {"name": "language", "value": "cpython3"}, {"name": "package", "value": "test_scrnsht"}]}